<?xml version="1.0" encoding="UTF-8"?>
<testsuite xmlns:xsi="http://www.w3.org/2001/XMLSchema-instance" xsi:noNamespaceSchemaLocation="https://maven.apache.org/surefire/maven-surefire-plugin/xsd/surefire-test-report.xsd" name="com.rbp.moviebookingapp.controller.MovieBookingAppControllerTest" time="17.559" tests="4" errors="0" skipped="0" failures="0">
  <properties>
[...]
</properties>
  <testcase name="testGetAllBookedTickets" classname="com.rbp.moviebookingapp.controller.MovieBookingAppControllerTest" time="0.436"/>
  <testcase name="testGetMovieByNameAndNotFound" classname="com.rbp.moviebookingapp.controller.MovieBookingAppControllerTest" time="0.026"/>
  <testcase name="getAllMoviesAndFound" classname="com.rbp.moviebookingapp.controller.MovieBookingAppControllerTest" time="0.024"/>
  <testcase name="getAllMoviesAndNoneFound" classname="com.rbp.moviebookingapp.controller.MovieBookingAppControllerTest" time="0.021"/>
</testsuite>